<?xml version="1.0" encoding="UTF-8"?>
<coverage generated="1679066022525" clover="3.2.0">
  <project timestamp="1679066022525" name="All files">
    <metrics statements="135" coveredstatements="109" conditionals="17" coveredconditionals="13" methods="26" coveredmethods="19" elements="178" coveredelements="141" complexity="0" loc="135" ncloc="135" packages="5" files="20" classes="20"/>
    <package name="src">
      <metrics statements="21" coveredstatements="21" conditionals="4" coveredconditionals="3" methods="4" coveredmethods="4"/>
      <file name="handler.ts" path="/Users/raffaele.pizzari/Documents/Projects/s2/deven/telemetry-functions_pixari/src/handler.ts">
        <metrics statements="11" coveredstatements="11" conditionals="2" coveredconditionals="1" methods="3" coveredmethods="3"/>
        <line num="1" count="2" type="stmt"/>
        <line num="2" count="2" type="stmt"/>
        <line num="3" count="2" type="stmt"/>
        <line num="4" count="2" type="stmt"/>
        <line num="5" count="2" type="stmt"/>
        <line num="6" count="2" type="stmt"/>
        <line num="8" count="2" type="stmt"/>
        <line num="9" count="10" type="cond" truecount="1" falsecount="1"/>
        <line num="11" count="5" type="stmt"/>
        <line num="12" count="5" type="stmt"/>
        <line num="14" count="5" type="stmt"/>
      </file>
      <file name="interfaces.ts" path="/Users/raffaele.pizzari/Documents/Projects/s2/deven/telemetry-functions_pixari/src/interfaces.ts">
        <metrics statements="4" coveredstatements="4" conditionals="2" coveredconditionals="2" methods="1" coveredmethods="1"/>
        <line num="15" count="2" type="cond" truecount="2" falsecount="0"/>
        <line num="16" count="2" type="stmt"/>
        <line num="17" count="2" type="stmt"/>
        <line num="18" count="2" type="stmt"/>
      </file>
      <file name="metricsConditions.ts" path="/Users/raffaele.pizzari/Documents/Projects/s2/deven/telemetry-functions_pixari/src/metricsConditions.ts">
        <metrics statements="3" coveredstatements="3" conditionals="0" coveredconditionals="0" methods="0" coveredmethods="0"/>
        <line num="1" count="1" type="stmt"/>
        <line num="2" count="1" type="stmt"/>
        <line num="4" count="1" type="stmt"/>
      </file>
      <file name="signatureConditions.ts" path="/Users/raffaele.pizzari/Documents/Projects/s2/deven/telemetry-functions_pixari/src/signatureConditions.ts">
        <metrics statements="3" coveredstatements="3" conditionals="0" coveredconditionals="0" methods="0" coveredmethods="0"/>
        <line num="1" count="1" type="stmt"/>
        <line num="2" count="1" type="stmt"/>
        <line num="4" count="1" type="stmt"/>
      </file>
    </package>
    <package name="src.core">
      <metrics statements="51" coveredstatements="47" conditionals="5" coveredconditionals="4" methods="12" coveredmethods="12"/>
      <file name="addSignature.ts" path="/Users/raffaele.pizzari/Documents/Projects/s2/deven/telemetry-functions_pixari/src/core/addSignature.ts">
        <metrics statements="13" coveredstatements="13" conditionals="2" coveredconditionals="2" methods="5" coveredmethods="5"/>
        <line num="1" count="1" type="stmt"/>
        <line num="2" count="1" type="stmt"/>
        <line num="3" count="1" type="stmt"/>
        <line num="5" count="1" type="stmt"/>
        <line num="8" count="2" type="stmt"/>
        <line num="9" count="3" type="stmt"/>
        <line num="11" count="3" type="stmt"/>
        <line num="20" count="1" type="stmt"/>
        <line num="21" count="2" type="stmt"/>
        <line num="28" count="1" type="stmt"/>
        <line num="29" count="4" type="stmt"/>
        <line num="30" count="4" type="stmt"/>
        <line num="32" count="4" type="cond" truecount="2" falsecount="0"/>
      </file>
      <file name="collectMetrics.ts" path="/Users/raffaele.pizzari/Documents/Projects/s2/deven/telemetry-functions_pixari/src/core/collectMetrics.ts">
        <metrics statements="14" coveredstatements="11" conditionals="1" coveredconditionals="0" methods="3" coveredmethods="3"/>
        <line num="1" count="1" type="stmt"/>
        <line num="2" count="1" type="stmt"/>
        <line num="3" count="1" type="stmt"/>
        <line num="4" count="1" type="stmt"/>
        <line num="6" count="1" type="stmt"/>
        <line num="9" count="1" type="stmt"/>
        <line num="10" count="2" type="stmt"/>
        <line num="14" count="1" type="stmt"/>
        <line num="16" count="3" type="stmt"/>
        <line num="17" count="3" type="stmt"/>
        <line num="19" count="3" type="stmt"/>
        <line num="23" count="0" type="cond" truecount="0" falsecount="1"/>
        <line num="24" count="0" type="stmt"/>
        <line num="29" count="0" type="stmt"/>
      </file>
      <file name="createDataEvent.ts" path="/Users/raffaele.pizzari/Documents/Projects/s2/deven/telemetry-functions_pixari/src/core/createDataEvent.ts">
        <metrics statements="3" coveredstatements="3" conditionals="0" coveredconditionals="0" methods="1" coveredmethods="1"/>
        <line num="1" count="2" type="stmt"/>
        <line num="4" count="2" type="stmt"/>
        <line num="7" count="3" type="stmt"/>
      </file>
      <file name="errorCatcher.ts" path="/Users/raffaele.pizzari/Documents/Projects/s2/deven/telemetry-functions_pixari/src/core/errorCatcher.ts">
        <metrics statements="7" coveredstatements="7" conditionals="2" coveredconditionals="2" methods="2" coveredmethods="2"/>
        <line num="1" count="2" type="stmt"/>
        <line num="8" count="2" type="stmt"/>
        <line num="9" count="1" type="stmt"/>
        <line num="11" count="2" type="stmt"/>
        <line num="12" count="4" type="cond" truecount="2" falsecount="0"/>
        <line num="13" count="3" type="stmt"/>
        <line num="15" count="1" type="stmt"/>
      </file>
      <file name="index.ts" path="/Users/raffaele.pizzari/Documents/Projects/s2/deven/telemetry-functions_pixari/src/core/index.ts">
        <metrics statements="5" coveredstatements="5" conditionals="0" coveredconditionals="0" methods="0" coveredmethods="0"/>
        <line num="1" count="2" type="stmt"/>
        <line num="2" count="2" type="stmt"/>
        <line num="3" count="2" type="stmt"/>
        <line num="4" count="2" type="stmt"/>
        <line num="5" count="2" type="stmt"/>
      </file>
      <file name="octokit.ts" path="/Users/raffaele.pizzari/Documents/Projects/s2/deven/telemetry-functions_pixari/src/core/octokit.ts">
        <metrics statements="2" coveredstatements="2" conditionals="0" coveredconditionals="0" methods="0" coveredmethods="0"/>
        <line num="1" count="1" type="stmt"/>
        <line num="3" count="1" type="stmt"/>
      </file>
      <file name="storeData.ts" path="/Users/raffaele.pizzari/Documents/Projects/s2/deven/telemetry-functions_pixari/src/core/storeData.ts">
        <metrics statements="7" coveredstatements="6" conditionals="0" coveredconditionals="0" methods="1" coveredmethods="1"/>
        <line num="1" count="2" type="stmt"/>
        <line num="2" count="2" type="stmt"/>
        <line num="4" count="2" type="stmt"/>
        <line num="6" count="2" type="stmt"/>
        <line num="7" count="1" type="stmt"/>
        <line num="9" count="1" type="stmt"/>
        <line num="24" count="0" type="stmt"/>
      </file>
    </package>
    <package name="src.metrics.pull_requests">
      <metrics statements="22" coveredstatements="16" conditionals="2" coveredconditionals="0" methods="3" coveredmethods="0"/>
      <file name="getReleaseByTitle.ts" path="/Users/raffaele.pizzari/Documents/Projects/s2/deven/telemetry-functions_pixari/src/metrics/pull_requests/getReleaseByTitle.ts">
        <metrics statements="4" coveredstatements="3" conditionals="0" coveredconditionals="0" methods="1" coveredmethods="0"/>
        <line num="1" count="1" type="stmt"/>
        <line num="2" count="1" type="stmt"/>
        <line num="4" count="1" type="stmt"/>
        <line num="5" count="0" type="stmt"/>
      </file>
      <file name="index.ts" path="/Users/raffaele.pizzari/Documents/Projects/s2/deven/telemetry-functions_pixari/src/metrics/pull_requests/index.ts">
        <metrics statements="9" coveredstatements="5" conditionals="2" coveredconditionals="0" methods="1" coveredmethods="0"/>
        <line num="1" count="1" type="stmt"/>
        <line num="2" count="1" type="stmt"/>
        <line num="3" count="1" type="stmt"/>
        <line num="4" count="1" type="stmt"/>
        <line num="11" count="1" type="stmt"/>
        <line num="14" count="0" type="stmt"/>
        <line num="16" count="0" type="stmt"/>
        <line num="35" count="0" type="stmt"/>
        <line num="40" count="0" type="stmt"/>
      </file>
      <file name="metricsConditions.ts" path="/Users/raffaele.pizzari/Documents/Projects/s2/deven/telemetry-functions_pixari/src/metrics/pull_requests/metricsConditions.ts">
        <metrics statements="5" coveredstatements="4" conditionals="0" coveredconditionals="0" methods="1" coveredmethods="0"/>
        <line num="1" count="1" type="stmt"/>
        <line num="2" count="1" type="stmt"/>
        <line num="4" count="1" type="stmt"/>
        <line num="5" count="0" type="stmt"/>
        <line num="7" count="1" type="stmt"/>
      </file>
      <file name="signatureConditions.ts" path="/Users/raffaele.pizzari/Documents/Projects/s2/deven/telemetry-functions_pixari/src/metrics/pull_requests/signatureConditions.ts">
        <metrics statements="4" coveredstatements="4" conditionals="0" coveredconditionals="0" methods="0" coveredmethods="0"/>
        <line num="1" count="1" type="stmt"/>
        <line num="2" count="1" type="stmt"/>
        <line num="4" count="1" type="stmt"/>
        <line num="9" count="1" type="stmt"/>
      </file>
    </package>
    <package name="src.metrics.tooling_usage">
      <metrics statements="26" coveredstatements="14" conditionals="0" coveredconditionals="0" methods="3" coveredmethods="0"/>
      <file name="index.ts" path="/Users/raffaele.pizzari/Documents/Projects/s2/deven/telemetry-functions_pixari/src/metrics/tooling_usage/index.ts">
        <metrics statements="17" coveredstatements="6" conditionals="0" coveredconditionals="0" methods="2" coveredmethods="0"/>
        <line num="1" count="1" type="stmt"/>
        <line num="4" count="1" type="stmt"/>
        <line num="5" count="1" type="stmt"/>
        <line num="6" count="1" type="stmt"/>
        <line num="8" count="1" type="stmt"/>
        <line num="10" count="1" type="stmt"/>
        <line num="12" count="0" type="stmt"/>
        <line num="13" count="0" type="stmt"/>
        <line num="17" count="0" type="stmt"/>
        <line num="18" count="0" type="stmt"/>
        <line num="26" count="0" type="stmt"/>
        <line num="30" count="0" type="stmt"/>
        <line num="35" count="0" type="stmt"/>
        <line num="44" count="0" type="stmt"/>
        <line num="52" count="0" type="stmt"/>
        <line num="58" count="0" type="stmt"/>
        <line num="63" count="0" type="stmt"/>
      </file>
      <file name="metricsConditions.ts" path="/Users/raffaele.pizzari/Documents/Projects/s2/deven/telemetry-functions_pixari/src/metrics/tooling_usage/metricsConditions.ts">
        <metrics statements="5" coveredstatements="4" conditionals="0" coveredconditionals="0" methods="1" coveredmethods="0"/>
        <line num="1" count="1" type="stmt"/>
        <line num="2" count="1" type="stmt"/>
        <line num="4" count="1" type="stmt"/>
        <line num="5" count="0" type="stmt"/>
        <line num="7" count="1" type="stmt"/>
      </file>
      <file name="signatureConditions.ts" path="/Users/raffaele.pizzari/Documents/Projects/s2/deven/telemetry-functions_pixari/src/metrics/tooling_usage/signatureConditions.ts">
        <metrics statements="4" coveredstatements="4" conditionals="0" coveredconditionals="0" methods="0" coveredmethods="0"/>
        <line num="1" count="1" type="stmt"/>
        <line num="2" count="1" type="stmt"/>
        <line num="4" count="1" type="stmt"/>
        <line num="8" count="1" type="stmt"/>
      </file>
    </package>
    <package name="src.shared">
      <metrics statements="15" coveredstatements="11" conditionals="6" coveredconditionals="6" methods="4" coveredmethods="3"/>
      <file name="getDuration.ts" path="/Users/raffaele.pizzari/Documents/Projects/s2/deven/telemetry-functions_pixari/src/shared/getDuration.ts">
        <metrics statements="6" coveredstatements="2" conditionals="0" coveredconditionals="0" methods="1" coveredmethods="0"/>
        <line num="1" count="1" type="stmt"/>
        <line num="3" count="1" type="stmt"/>
        <line num="4" count="0" type="stmt"/>
        <line num="5" count="0" type="stmt"/>
        <line num="6" count="0" type="stmt"/>
        <line num="7" count="0" type="stmt"/>
      </file>
      <file name="logMessages.ts" path="/Users/raffaele.pizzari/Documents/Projects/s2/deven/telemetry-functions_pixari/src/shared/logMessages.ts">
        <metrics statements="9" coveredstatements="9" conditionals="6" coveredconditionals="6" methods="3" coveredmethods="3"/>
        <line num="1" count="2" type="cond" truecount="2" falsecount="0"/>
        <line num="2" count="2" type="stmt"/>
        <line num="5" count="2" type="cond" truecount="2" falsecount="0"/>
        <line num="6" count="2" type="stmt"/>
        <line num="7" count="2" type="stmt"/>
        <line num="8" count="2" type="stmt"/>
        <line num="11" count="2" type="cond" truecount="2" falsecount="0"/>
        <line num="12" count="2" type="stmt"/>
        <line num="13" count="2" type="stmt"/>
      </file>
    </package>
  </project>
</coverage>
