{"/Users/raffaele.pizzari/Documents/Projects/s2/deven/telemetry-functions_pixari/src/handler.ts": {"path":"/Users/raffaele.pizzari/Documents/Projects/s2/deven/telemetry-functions_pixari/src/handler.ts","statementMap":{"0":{"start":{"line":1,"column":0},"end":{"line":1,"column":55}},"1":{"start":{"line":2,"column":0},"end":{"line":2,"column":49}},"2":{"start":{"line":3,"column":0},"end":{"line":3,"column":39}},"3":{"start":{"line":4,"column":0},"end":{"line":4,"column":33}},"4":{"start":{"line":5,"column":0},"end":{"line":5,"column":48}},"5":{"start":{"line":6,"column":0},"end":{"line":6,"column":51}},"6":{"start":{"line":8,"column":19},"end":{"line":9,"column":38}},"7":{"start":{"line":9,"column":2},"end":{"line":9,"column":38}},"8":{"start":{"line":11,"column":23},"end":{"line":17,"column":2}},"9":{"start":{"line":11,"column":58},"end":{"line":17,"column":2}},"10":{"start":{"line":12,"column":2},"end":{"line":12,"column":39}},"11":{"start":{"line":14,"column":2},"end":{"line":16,"column":24}},"12":{"start":{"line":11,"column":13},"end":{"line":11,"column":23}}},"fnMap":{"0":{"name":"(anonymous_7)","decl":{"start":{"line":8,"column":19},"end":{"line":8,"column":20}},"loc":{"start":{"line":9,"column":2},"end":{"line":9,"column":38}}},"1":{"name":"(anonymous_8)","decl":{"start":{"line":11,"column":23},"end":{"line":11,"column":30}},"loc":{"start":{"line":11,"column":58},"end":{"line":17,"column":2}}},"2":{"name":"(anonymous_9)","decl":{"start":{"line":11,"column":58},"end":{"line":11,"column":null}},"loc":{"start":{"line":11,"column":58},"end":{"line":17,"column":1}}}},"branchMap":{"0":{"loc":{"start":{"line":9,"column":2},"end":{"line":9,"column":38}},"type":"cond-expr","locations":[{"start":{"line":9,"column":14},"end":{"line":9,"column":27}},{"start":{"line":9,"column":30},"end":{"line":9,"column":38}}]}},"s":{"0":2,"1":2,"2":2,"3":2,"4":2,"5":2,"6":2,"7":10,"8":2,"9":5,"10":5,"11":5,"12":2},"f":{"0":10,"1":5,"2":5},"b":{"0":[10,0]}}
,"/Users/raffaele.pizzari/Documents/Projects/s2/deven/telemetry-functions_pixari/src/interfaces.ts": {"path":"/Users/raffaele.pizzari/Documents/Projects/s2/deven/telemetry-functions_pixari/src/interfaces.ts","statementMap":{"0":{"start":{"line":15,"column":0},"end":{"line":15,"column":null}},"1":{"start":{"line":16,"column":2},"end":{"line":16,"column":null}},"2":{"start":{"line":17,"column":2},"end":{"line":17,"column":null}},"3":{"start":{"line":18,"column":2},"end":{"line":18,"column":null}}},"fnMap":{"0":{"name":"(anonymous_0)","decl":{"start":{"line":15,"column":0},"end":{"line":15,"column":12}},"loc":{"start":{"line":15,"column":30},"end":{"line":19,"column":1}}}},"branchMap":{"0":{"loc":{"start":{"line":15,"column":12},"end":{"line":15,"column":null}},"type":"binary-expr","locations":[{"start":{"line":15,"column":12},"end":{"line":15,"column":30}},{"start":{"line":15,"column":12},"end":{"line":15,"column":null}}]}},"s":{"0":2,"1":2,"2":2,"3":2},"f":{"0":2},"b":{"0":[2,2]}}
,"/Users/raffaele.pizzari/Documents/Projects/s2/deven/telemetry-functions_pixari/src/metricsConditions.ts": {"path":"/Users/raffaele.pizzari/Documents/Projects/s2/deven/telemetry-functions_pixari/src/metricsConditions.ts","statementMap":{"0":{"start":{"line":1,"column":0},"end":{"line":1,"column":86}},"1":{"start":{"line":2,"column":0},"end":{"line":2,"column":86}},"2":{"start":{"line":4,"column":0},"end":{"line":7,"column":2}}},"fnMap":{},"branchMap":{},"s":{"0":1,"1":1,"2":1},"f":{},"b":{}}
,"/Users/raffaele.pizzari/Documents/Projects/s2/deven/telemetry-functions_pixari/src/signatureConditions.ts": {"path":"/Users/raffaele.pizzari/Documents/Projects/s2/deven/telemetry-functions_pixari/src/signatureConditions.ts","statementMap":{"0":{"start":{"line":1,"column":0},"end":{"line":1,"column":81}},"1":{"start":{"line":2,"column":0},"end":{"line":2,"column":81}},"2":{"start":{"line":4,"column":0},"end":{"line":4,"column":70}}},"fnMap":{},"branchMap":{},"s":{"0":1,"1":1,"2":1},"f":{},"b":{}}
,"/Users/raffaele.pizzari/Documents/Projects/s2/deven/telemetry-functions_pixari/src/core/addSignature.ts": {"path":"/Users/raffaele.pizzari/Documents/Projects/s2/deven/telemetry-functions_pixari/src/core/addSignature.ts","statementMap":{"0":{"start":{"line":1,"column":0},"end":{"line":1,"column":64}},"1":{"start":{"line":2,"column":0},"end":{"line":2,"column":53}},"2":{"start":{"line":3,"column":0},"end":{"line":3,"column":62}},"3":{"start":{"line":5,"column":0},"end":{"line":5,"column":57}},"4":{"start":{"line":8,"column":2},"end":{"line":18,"column":3}},"5":{"start":{"line":8,"column":37},"end":{"line":18,"column":3}},"6":{"start":{"line":9,"column":4},"end":{"line":9,"column":49}},"7":{"start":{"line":11,"column":4},"end":{"line":17,"column":7}},"8":{"start":{"line":20,"column":22},"end":{"line":26,"column":2}},"9":{"start":{"line":21,"column":39},"end":{"line":24,"column":4}},"10":{"start":{"line":28,"column":28},"end":{"line":41,"column":1}},"11":{"start":{"line":29,"column":2},"end":{"line":40,"column":5}},"12":{"start":{"line":30,"column":28},"end":{"line":30,"column":60}},"13":{"start":{"line":32,"column":4},"end":{"line":39,"column":10}},"14":{"start":{"line":28,"column":13},"end":{"line":28,"column":28}}},"fnMap":{"0":{"name":"(anonymous_1)","decl":{"start":{"line":8,"column":2},"end":{"line":8,"column":3}},"loc":{"start":{"line":8,"column":37},"end":{"line":18,"column":3}}},"1":{"name":"(anonymous_2)","decl":{"start":{"line":8,"column":37},"end":{"line":8,"column":38}},"loc":{"start":{"line":8,"column":51},"end":{"line":18,"column":3}}},"2":{"name":"(anonymous_3)","decl":{"start":{"line":21,"column":29},"end":{"line":21,"column":30}},"loc":{"start":{"line":21,"column":39},"end":{"line":24,"column":4}}},"3":{"name":"(anonymous_4)","decl":{"start":{"line":28,"column":28},"end":{"line":28,"column":29}},"loc":{"start":{"line":28,"column":62},"end":{"line":41,"column":1}}},"4":{"name":"(anonymous_5)","decl":{"start":{"line":29,"column":21},"end":{"line":29,"column":22}},"loc":{"start":{"line":29,"column":34},"end":{"line":40,"column":3}}}},"branchMap":{"0":{"loc":{"start":{"line":32,"column":4},"end":{"line":38,"column":null}},"type":"cond-expr","locations":[{"start":{"line":33,"column":8},"end":{"line":33,"column":28}},{"start":{"line":34,"column":8},"end":{"line":38,"column":null}}]}},"s":{"0":1,"1":1,"2":1,"3":1,"4":1,"5":2,"6":3,"7":3,"8":1,"9":2,"10":1,"11":4,"12":4,"13":4,"14":1},"f":{"0":2,"1":3,"2":2,"3":4,"4":4},"b":{"0":[3,1]}}
,"/Users/raffaele.pizzari/Documents/Projects/s2/deven/telemetry-functions_pixari/src/core/collectMetrics.ts": {"path":"/Users/raffaele.pizzari/Documents/Projects/s2/deven/telemetry-functions_pixari/src/core/collectMetrics.ts","statementMap":{"0":{"start":{"line":1,"column":0},"end":{"line":1,"column":39}},"1":{"start":{"line":2,"column":0},"end":{"line":2,"column":34}},"2":{"start":{"line":3,"column":0},"end":{"line":3,"column":59}},"3":{"start":{"line":4,"column":0},"end":{"line":4,"column":53}},"4":{"start":{"line":6,"column":0},"end":{"line":6,"column":60}},"5":{"start":{"line":9,"column":34},"end":{"line":11,"column":null}},"6":{"start":{"line":10,"column":35},"end":{"line":10,"column":53}},"7":{"start":{"line":14,"column":30},"end":{"line":30,"column":2}},"8":{"start":{"line":16,"column":32},"end":{"line":30,"column":2}},"9":{"start":{"line":17,"column":2},"end":{"line":17,"column":47}},"10":{"start":{"line":19,"column":31},"end":{"line":22,"column":14}},"11":{"start":{"line":23,"column":2},"end":{"line":28,"column":null}},"12":{"start":{"line":24,"column":4},"end":{"line":27,"column":7}},"13":{"start":{"line":29,"column":2},"end":{"line":29,"column":55}},"14":{"start":{"line":14,"column":13},"end":{"line":14,"column":30}}},"fnMap":{"0":{"name":"(anonymous_8)","decl":{"start":{"line":10,"column":25},"end":{"line":10,"column":26}},"loc":{"start":{"line":10,"column":35},"end":{"line":10,"column":53}}},"1":{"name":"(anonymous_9)","decl":{"start":{"line":14,"column":30},"end":{"line":14,"column":null}},"loc":{"start":{"line":16,"column":32},"end":{"line":30,"column":2}}},"2":{"name":"(anonymous_10)","decl":{"start":{"line":16,"column":32},"end":{"line":16,"column":null}},"loc":{"start":{"line":16,"column":32},"end":{"line":30,"column":1}}}},"branchMap":{"0":{"loc":{"start":{"line":23,"column":2},"end":{"line":28,"column":null}},"type":"if","locations":[{"start":{"line":23,"column":2},"end":{"line":28,"column":null}}]}},"s":{"0":1,"1":1,"2":1,"3":1,"4":1,"5":1,"6":2,"7":1,"8":3,"9":3,"10":3,"11":0,"12":0,"13":0,"14":1},"f":{"0":2,"1":3,"2":3},"b":{"0":[0]}}
,"/Users/raffaele.pizzari/Documents/Projects/s2/deven/telemetry-functions_pixari/src/core/createDataEvent.ts": {"path":"/Users/raffaele.pizzari/Documents/Projects/s2/deven/telemetry-functions_pixari/src/core/createDataEvent.ts","statementMap":{"0":{"start":{"line":1,"column":0},"end":{"line":1,"column":28}},"1":{"start":{"line":7,"column":2},"end":{"line":11,"column":null}},"2":{"start":{"line":4,"column":0},"end":{"line":4,"column":16}}},"fnMap":{"0":{"name":"createDataEvent","decl":{"start":{"line":4,"column":16},"end":{"line":4,"column":31}},"loc":{"start":{"line":5,"column":45},"end":{"line":13,"column":1}}}},"branchMap":{},"s":{"0":2,"1":3,"2":2},"f":{"0":3},"b":{}}
,"/Users/raffaele.pizzari/Documents/Projects/s2/deven/telemetry-functions_pixari/src/core/errorCatcher.ts": {"path":"/Users/raffaele.pizzari/Documents/Projects/s2/deven/telemetry-functions_pixari/src/core/errorCatcher.ts","statementMap":{"0":{"start":{"line":1,"column":0},"end":{"line":1,"column":34}},"1":{"start":{"line":8,"column":34},"end":{"line":9,"column":7}},"2":{"start":{"line":9,"column":2},"end":{"line":9,"column":7}},"3":{"start":{"line":8,"column":13},"end":{"line":8,"column":34}},"4":{"start":{"line":11,"column":28},"end":{"line":17,"column":1}},"5":{"start":{"line":12,"column":2},"end":{"line":16,"column":null}},"6":{"start":{"line":13,"column":4},"end":{"line":13,"column":24}},"7":{"start":{"line":15,"column":4},"end":{"line":15,"column":39}},"8":{"start":{"line":11,"column":13},"end":{"line":11,"column":28}}},"fnMap":{"0":{"name":"(anonymous_0)","decl":{"start":{"line":8,"column":34},"end":{"line":8,"column":35}},"loc":{"start":{"line":9,"column":2},"end":{"line":9,"column":7}}},"1":{"name":"(anonymous_1)","decl":{"start":{"line":11,"column":28},"end":{"line":11,"column":29}},"loc":{"start":{"line":11,"column":55},"end":{"line":17,"column":1}}}},"branchMap":{"0":{"loc":{"start":{"line":12,"column":2},"end":{"line":16,"column":null}},"type":"if","locations":[{"start":{"line":12,"column":2},"end":{"line":16,"column":null}},{"start":{"line":14,"column":9},"end":{"line":16,"column":null}}]}},"s":{"0":2,"1":2,"2":1,"3":2,"4":2,"5":4,"6":3,"7":1,"8":2},"f":{"0":1,"1":4},"b":{"0":[3,1]}}
,"/Users/raffaele.pizzari/Documents/Projects/s2/deven/telemetry-functions_pixari/src/core/index.ts": {"path":"/Users/raffaele.pizzari/Documents/Projects/s2/deven/telemetry-functions_pixari/src/core/index.ts","statementMap":{"0":{"start":{"line":1,"column":0},"end":{"line":1,"column":34}},"1":{"start":{"line":2,"column":0},"end":{"line":2,"column":31}},"2":{"start":{"line":3,"column":0},"end":{"line":3,"column":28}},"3":{"start":{"line":4,"column":0},"end":{"line":4,"column":25}},"4":{"start":{"line":5,"column":0},"end":{"line":5,"column":31}}},"fnMap":{},"branchMap":{},"s":{"0":2,"1":2,"2":2,"3":2,"4":2},"f":{},"b":{}}
,"/Users/raffaele.pizzari/Documents/Projects/s2/deven/telemetry-functions_pixari/src/core/octokit.ts": {"path":"/Users/raffaele.pizzari/Documents/Projects/s2/deven/telemetry-functions_pixari/src/core/octokit.ts","statementMap":{"0":{"start":{"line":1,"column":0},"end":{"line":1,"column":40}},"1":{"start":{"line":3,"column":0},"end":{"line":5,"column":3}}},"fnMap":{},"branchMap":{},"s":{"0":1,"1":1},"f":{},"b":{}}
,"/Users/raffaele.pizzari/Documents/Projects/s2/deven/telemetry-functions_pixari/src/core/storeData.ts": {"path":"/Users/raffaele.pizzari/Documents/Projects/s2/deven/telemetry-functions_pixari/src/core/storeData.ts","statementMap":{"0":{"start":{"line":1,"column":0},"end":{"line":1,"column":35}},"1":{"start":{"line":2,"column":0},"end":{"line":2,"column":27}},"2":{"start":{"line":4,"column":0},"end":{"line":4,"column":32}},"3":{"start":{"line":6,"column":25},"end":{"line":25,"column":1}},"4":{"start":{"line":7,"column":2},"end":{"line":7,"column":62}},"5":{"start":{"line":9,"column":2},"end":{"line":23,"column":5}},"6":{"start":{"line":24,"column":2},"end":{"line":24,"column":27}},"7":{"start":{"line":6,"column":13},"end":{"line":6,"column":25}}},"fnMap":{"0":{"name":"(anonymous_1)","decl":{"start":{"line":6,"column":25},"end":{"line":6,"column":26}},"loc":{"start":{"line":6,"column":66},"end":{"line":25,"column":1}}}},"branchMap":{},"s":{"0":2,"1":2,"2":2,"3":2,"4":1,"5":1,"6":0,"7":2},"f":{"0":1},"b":{}}
,"/Users/raffaele.pizzari/Documents/Projects/s2/deven/telemetry-functions_pixari/src/metrics/pull_requests/getReleaseByTitle.ts": {"path":"/Users/raffaele.pizzari/Documents/Projects/s2/deven/telemetry-functions_pixari/src/metrics/pull_requests/getReleaseByTitle.ts","statementMap":{"0":{"start":{"line":1,"column":0},"end":{"line":1,"column":29}},"1":{"start":{"line":2,"column":0},"end":{"line":2,"column":51}},"2":{"start":{"line":4,"column":33},"end":{"line":7,"column":null}},"3":{"start":{"line":5,"column":2},"end":{"line":7,"column":null}},"4":{"start":{"line":4,"column":13},"end":{"line":4,"column":33}}},"fnMap":{"0":{"name":"(anonymous_1)","decl":{"start":{"line":4,"column":33},"end":{"line":4,"column":34}},"loc":{"start":{"line":5,"column":2},"end":{"line":7,"column":null}}}},"branchMap":{},"s":{"0":1,"1":1,"2":1,"3":0,"4":1},"f":{"0":0},"b":{}}
,"/Users/raffaele.pizzari/Documents/Projects/s2/deven/telemetry-functions_pixari/src/metrics/pull_requests/index.ts": {"path":"/Users/raffaele.pizzari/Documents/Projects/s2/deven/telemetry-functions_pixari/src/metrics/pull_requests/index.ts","statementMap":{"0":{"start":{"line":1,"column":0},"end":{"line":1,"column":36}},"1":{"start":{"line":2,"column":0},"end":{"line":2,"column":55}},"2":{"start":{"line":3,"column":0},"end":{"line":3,"column":56}},"3":{"start":{"line":4,"column":0},"end":{"line":4,"column":46}},"4":{"start":{"line":11,"column":49},"end":{"line":44,"column":1}},"5":{"start":{"line":14,"column":18},"end":{"line":14,"column":63}},"6":{"start":{"line":16,"column":42},"end":{"line":33,"column":4}},"7":{"start":{"line":35,"column":2},"end":{"line":38,"column":4}},"8":{"start":{"line":40,"column":2},"end":{"line":42,"column":null}},"9":{"start":{"line":11,"column":13},"end":{"line":11,"column":49}}},"fnMap":{"0":{"name":"(anonymous_0)","decl":{"start":{"line":11,"column":49},"end":{"line":11,"column":null}},"loc":{"start":{"line":13,"column":23},"end":{"line":44,"column":1}}}},"branchMap":{"0":{"loc":{"start":{"line":30,"column":25},"end":{"line":32,"column":9}},"type":"cond-expr","locations":[{"start":{"line":31,"column":8},"end":{"line":31,"column":42}},{"start":{"line":32,"column":8},"end":{"line":32,"column":9}}]}},"s":{"0":1,"1":1,"2":1,"3":1,"4":1,"5":0,"6":0,"7":0,"8":0,"9":1},"f":{"0":0},"b":{"0":[0,0]}}
,"/Users/raffaele.pizzari/Documents/Projects/s2/deven/telemetry-functions_pixari/src/metrics/pull_requests/metricsConditions.ts": {"path":"/Users/raffaele.pizzari/Documents/Projects/s2/deven/telemetry-functions_pixari/src/metrics/pull_requests/metricsConditions.ts","statementMap":{"0":{"start":{"line":1,"column":0},"end":{"line":1,"column":54}},"1":{"start":{"line":2,"column":0},"end":{"line":2,"column":65}},"2":{"start":{"line":4,"column":36},"end":{"line":5,"column":71}},"3":{"start":{"line":5,"column":2},"end":{"line":5,"column":71}},"4":{"start":{"line":7,"column":0},"end":{"line":9,"column":2}}},"fnMap":{"0":{"name":"(anonymous_0)","decl":{"start":{"line":4,"column":36},"end":{"line":4,"column":37}},"loc":{"start":{"line":5,"column":2},"end":{"line":5,"column":71}}}},"branchMap":{},"s":{"0":1,"1":1,"2":1,"3":0,"4":1},"f":{"0":0},"b":{}}
,"/Users/raffaele.pizzari/Documents/Projects/s2/deven/telemetry-functions_pixari/src/metrics/pull_requests/signatureConditions.ts": {"path":"/Users/raffaele.pizzari/Documents/Projects/s2/deven/telemetry-functions_pixari/src/metrics/pull_requests/signatureConditions.ts","statementMap":{"0":{"start":{"line":1,"column":0},"end":{"line":1,"column":40}},"1":{"start":{"line":2,"column":0},"end":{"line":2,"column":54}},"2":{"start":{"line":4,"column":13},"end":{"line":7,"column":3}},"3":{"start":{"line":9,"column":0},"end":{"line":9,"column":77}}},"fnMap":{},"branchMap":{},"s":{"0":1,"1":1,"2":1,"3":1},"f":{},"b":{}}
,"/Users/raffaele.pizzari/Documents/Projects/s2/deven/telemetry-functions_pixari/src/metrics/tooling_usage/index.ts": {"path":"/Users/raffaele.pizzari/Documents/Projects/s2/deven/telemetry-functions_pixari/src/metrics/tooling_usage/index.ts","statementMap":{"0":{"start":{"line":1,"column":0},"end":{"line":1,"column":36}},"1":{"start":{"line":4,"column":0},"end":{"line":4,"column":55}},"2":{"start":{"line":5,"column":0},"end":{"line":5,"column":41}},"3":{"start":{"line":6,"column":0},"end":{"line":6,"column":43}},"4":{"start":{"line":8,"column":0},"end":{"line":8,"column":55}},"5":{"start":{"line":10,"column":42},"end":{"line":67,"column":2}},"6":{"start":{"line":12,"column":32},"end":{"line":67,"column":2}},"7":{"start":{"line":13,"column":18},"end":{"line":13,"column":58}},"8":{"start":{"line":17,"column":2},"end":{"line":56,"column":null}},"9":{"start":{"line":18,"column":21},"end":{"line":24,"column":null}},"10":{"start":{"line":26,"column":46},"end":{"line":27,"column":null}},"11":{"start":{"line":30,"column":37},"end":{"line":33,"column":48}},"12":{"start":{"line":35,"column":4},"end":{"line":42,"column":6}},"13":{"start":{"line":44,"column":4},"end":{"line":51,"column":6}},"14":{"start":{"line":52,"column":4},"end":{"line":55,"column":6}},"15":{"start":{"line":58,"column":2},"end":{"line":61,"column":4}},"16":{"start":{"line":63,"column":2},"end":{"line":65,"column":null}},"17":{"start":{"line":10,"column":13},"end":{"line":10,"column":42}}},"fnMap":{"0":{"name":"(anonymous_8)","decl":{"start":{"line":10,"column":42},"end":{"line":10,"column":null}},"loc":{"start":{"line":12,"column":32},"end":{"line":67,"column":2}}},"1":{"name":"(anonymous_9)","decl":{"start":{"line":12,"column":32},"end":{"line":12,"column":null}},"loc":{"start":{"line":12,"column":32},"end":{"line":67,"column":1}}}},"branchMap":{},"s":{"0":1,"1":1,"2":1,"3":1,"4":1,"5":1,"6":0,"7":0,"8":0,"9":0,"10":0,"11":0,"12":0,"13":0,"14":0,"15":0,"16":0,"17":1},"f":{"0":0,"1":0},"b":{}}
,"/Users/raffaele.pizzari/Documents/Projects/s2/deven/telemetry-functions_pixari/src/metrics/tooling_usage/metricsConditions.ts": {"path":"/Users/raffaele.pizzari/Documents/Projects/s2/deven/telemetry-functions_pixari/src/metrics/tooling_usage/metricsConditions.ts","statementMap":{"0":{"start":{"line":1,"column":0},"end":{"line":1,"column":47}},"1":{"start":{"line":2,"column":0},"end":{"line":2,"column":65}},"2":{"start":{"line":4,"column":31},"end":{"line":5,"column":66}},"3":{"start":{"line":5,"column":2},"end":{"line":5,"column":66}},"4":{"start":{"line":7,"column":0},"end":{"line":7,"column":70}}},"fnMap":{"0":{"name":"(anonymous_0)","decl":{"start":{"line":4,"column":31},"end":{"line":4,"column":32}},"loc":{"start":{"line":5,"column":2},"end":{"line":5,"column":66}}}},"branchMap":{},"s":{"0":1,"1":1,"2":1,"3":0,"4":1},"f":{"0":0},"b":{}}
,"/Users/raffaele.pizzari/Documents/Projects/s2/deven/telemetry-functions_pixari/src/metrics/tooling_usage/signatureConditions.ts": {"path":"/Users/raffaele.pizzari/Documents/Projects/s2/deven/telemetry-functions_pixari/src/metrics/tooling_usage/signatureConditions.ts","statementMap":{"0":{"start":{"line":1,"column":0},"end":{"line":1,"column":40}},"1":{"start":{"line":2,"column":0},"end":{"line":2,"column":54}},"2":{"start":{"line":4,"column":13},"end":{"line":6,"column":3}},"3":{"start":{"line":8,"column":0},"end":{"line":8,"column":66}}},"fnMap":{},"branchMap":{},"s":{"0":1,"1":1,"2":1,"3":1},"f":{},"b":{}}
,"/Users/raffaele.pizzari/Documents/Projects/s2/deven/telemetry-functions_pixari/src/shared/getDuration.ts": {"path":"/Users/raffaele.pizzari/Documents/Projects/s2/deven/telemetry-functions_pixari/src/shared/getDuration.ts","statementMap":{"0":{"start":{"line":1,"column":0},"end":{"line":1,"column":28}},"1":{"start":{"line":3,"column":27},"end":{"line":8,"column":1}},"2":{"start":{"line":4,"column":18},"end":{"line":4,"column":65}},"3":{"start":{"line":5,"column":17},"end":{"line":5,"column":63}},"4":{"start":{"line":6,"column":19},"end":{"line":6,"column":56}},"5":{"start":{"line":7,"column":2},"end":{"line":7,"column":35}},"6":{"start":{"line":3,"column":13},"end":{"line":3,"column":27}}},"fnMap":{"0":{"name":"(anonymous_1)","decl":{"start":{"line":3,"column":27},"end":{"line":3,"column":28}},"loc":{"start":{"line":3,"column":61},"end":{"line":8,"column":1}}}},"branchMap":{},"s":{"0":1,"1":1,"2":0,"3":0,"4":0,"5":0,"6":1},"f":{"0":0},"b":{}}
,"/Users/raffaele.pizzari/Documents/Projects/s2/deven/telemetry-functions_pixari/src/shared/logMessages.ts": {"path":"/Users/raffaele.pizzari/Documents/Projects/s2/deven/telemetry-functions_pixari/src/shared/logMessages.ts","statementMap":{"0":{"start":{"line":1,"column":0},"end":{"line":1,"column":null}},"1":{"start":{"line":2,"column":2},"end":{"line":2,"column":null}},"2":{"start":{"line":5,"column":0},"end":{"line":5,"column":null}},"3":{"start":{"line":6,"column":2},"end":{"line":6,"column":null}},"4":{"start":{"line":7,"column":2},"end":{"line":7,"column":null}},"5":{"start":{"line":8,"column":2},"end":{"line":8,"column":null}},"6":{"start":{"line":11,"column":0},"end":{"line":11,"column":null}},"7":{"start":{"line":12,"column":2},"end":{"line":12,"column":null}},"8":{"start":{"line":13,"column":2},"end":{"line":13,"column":null}}},"fnMap":{"0":{"name":"(anonymous_0)","decl":{"start":{"line":1,"column":0},"end":{"line":1,"column":12}},"loc":{"start":{"line":1,"column":21},"end":{"line":3,"column":1}}},"1":{"name":"(anonymous_1)","decl":{"start":{"line":5,"column":0},"end":{"line":5,"column":12}},"loc":{"start":{"line":5,"column":20},"end":{"line":9,"column":1}}},"2":{"name":"(anonymous_2)","decl":{"start":{"line":11,"column":0},"end":{"line":11,"column":12}},"loc":{"start":{"line":11,"column":23},"end":{"line":14,"column":1}}}},"branchMap":{"0":{"loc":{"start":{"line":1,"column":12},"end":{"line":1,"column":null}},"type":"binary-expr","locations":[{"start":{"line":1,"column":12},"end":{"line":1,"column":21}},{"start":{"line":1,"column":12},"end":{"line":1,"column":null}}]},"1":{"loc":{"start":{"line":5,"column":12},"end":{"line":5,"column":null}},"type":"binary-expr","locations":[{"start":{"line":5,"column":12},"end":{"line":5,"column":20}},{"start":{"line":5,"column":12},"end":{"line":5,"column":null}}]},"2":{"loc":{"start":{"line":11,"column":12},"end":{"line":11,"column":null}},"type":"binary-expr","locations":[{"start":{"line":11,"column":12},"end":{"line":11,"column":23}},{"start":{"line":11,"column":12},"end":{"line":11,"column":null}}]}},"s":{"0":2,"1":2,"2":2,"3":2,"4":2,"5":2,"6":2,"7":2,"8":2},"f":{"0":2,"1":2,"2":2},"b":{"0":[2,2],"1":[2,2],"2":[2,2]}}
}
