TN:
SF:src/handler.ts
FN:8,(anonymous_7)
FN:11,(anonymous_8)
FN:11,(anonymous_9)
FNF:3
FNH:3
FNDA:10,(anonymous_7)
FNDA:5,(anonymous_8)
FNDA:5,(anonymous_9)
DA:1,2
DA:2,2
DA:3,2
DA:4,2
DA:5,2
DA:6,2
DA:8,2
DA:9,10
DA:11,5
DA:12,5
DA:14,5
LF:11
LH:11
BRDA:9,0,0,10
BRDA:9,0,1,0
BRF:2
BRH:1
end_of_record
TN:
SF:src/interfaces.ts
FN:15,(anonymous_0)
FNF:1
FNH:1
FNDA:2,(anonymous_0)
DA:15,2
DA:16,2
DA:17,2
DA:18,2
LF:4
LH:4
BRDA:15,0,0,2
BRDA:15,0,1,2
BRF:2
BRH:2
end_of_record
TN:
SF:src/metricsConditions.ts
FNF:0
FNH:0
DA:1,1
DA:2,1
DA:4,1
LF:3
LH:3
BRF:0
BRH:0
end_of_record
TN:
SF:src/signatureConditions.ts
FNF:0
FNH:0
DA:1,1
DA:2,1
DA:4,1
LF:3
LH:3
BRF:0
BRH:0
end_of_record
TN:
SF:src/core/addSignature.ts
FN:8,(anonymous_1)
FN:8,(anonymous_2)
FN:21,(anonymous_3)
FN:28,(anonymous_4)
FN:29,(anonymous_5)
FNF:5
FNH:5
FNDA:2,(anonymous_1)
FNDA:3,(anonymous_2)
FNDA:2,(anonymous_3)
FNDA:4,(anonymous_4)
FNDA:4,(anonymous_5)
DA:1,1
DA:2,1
DA:3,1
DA:5,1
DA:8,2
DA:9,3
DA:11,3
DA:20,1
DA:21,2
DA:28,1
DA:29,4
DA:30,4
DA:32,4
LF:13
LH:13
BRDA:32,0,0,3
BRDA:32,0,1,1
BRF:2
BRH:2
end_of_record
TN:
SF:src/core/collectMetrics.ts
FN:10,(anonymous_8)
FN:14,(anonymous_9)
FN:16,(anonymous_10)
FNF:3
FNH:3
FNDA:2,(anonymous_8)
FNDA:3,(anonymous_9)
FNDA:3,(anonymous_10)
DA:1,1
DA:2,1
DA:3,1
DA:4,1
DA:6,1
DA:9,1
DA:10,2
DA:14,1
DA:16,3
DA:17,3
DA:19,3
DA:23,0
DA:24,0
DA:29,0
LF:14
LH:11
BRDA:23,0,0,0
BRF:1
BRH:0
end_of_record
TN:
SF:src/core/createDataEvent.ts
FN:4,createDataEvent
FNF:1
FNH:1
FNDA:3,createDataEvent
DA:1,2
DA:4,2
DA:7,3
LF:3
LH:3
BRF:0
BRH:0
end_of_record
TN:
SF:src/core/errorCatcher.ts
FN:8,(anonymous_0)
FN:11,(anonymous_1)
FNF:2
FNH:2
FNDA:1,(anonymous_0)
FNDA:4,(anonymous_1)
DA:1,2
DA:8,2
DA:9,1
DA:11,2
DA:12,4
DA:13,3
DA:15,1
LF:7
LH:7
BRDA:12,0,0,3
BRDA:12,0,1,1
BRF:2
BRH:2
end_of_record
TN:
SF:src/core/index.ts
FNF:0
FNH:0
DA:1,2
DA:2,2
DA:3,2
DA:4,2
DA:5,2
LF:5
LH:5
BRF:0
BRH:0
end_of_record
TN:
SF:src/core/octokit.ts
FNF:0
FNH:0
DA:1,1
DA:3,1
LF:2
LH:2
BRF:0
BRH:0
end_of_record
TN:
SF:src/core/storeData.ts
FN:6,(anonymous_1)
FNF:1
FNH:1
FNDA:1,(anonymous_1)
DA:1,2
DA:2,2
DA:4,2
DA:6,2
DA:7,1
DA:9,1
DA:24,0
LF:7
LH:6
BRF:0
BRH:0
end_of_record
TN:
SF:src/metrics/pull_requests/getReleaseByTitle.ts
FN:4,(anonymous_1)
FNF:1
FNH:0
FNDA:0,(anonymous_1)
DA:1,1
DA:2,1
DA:4,1
DA:5,0
LF:4
LH:3
BRF:0
BRH:0
end_of_record
TN:
SF:src/metrics/pull_requests/index.ts
FN:11,(anonymous_0)
FNF:1
FNH:0
FNDA:0,(anonymous_0)
DA:1,1
DA:2,1
DA:3,1
DA:4,1
DA:11,1
DA:14,0
DA:16,0
DA:35,0
DA:40,0
LF:9
LH:5
BRDA:30,0,0,0
BRDA:30,0,1,0
BRF:2
BRH:0
end_of_record
TN:
SF:src/metrics/pull_requests/metricsConditions.ts
FN:4,(anonymous_0)
FNF:1
FNH:0
FNDA:0,(anonymous_0)
DA:1,1
DA:2,1
DA:4,1
DA:5,0
DA:7,1
LF:5
LH:4
BRF:0
BRH:0
end_of_record
TN:
SF:src/metrics/pull_requests/signatureConditions.ts
FNF:0
FNH:0
DA:1,1
DA:2,1
DA:4,1
DA:9,1
LF:4
LH:4
BRF:0
BRH:0
end_of_record
TN:
SF:src/metrics/tooling_usage/index.ts
FN:10,(anonymous_8)
FN:12,(anonymous_9)
FNF:2
FNH:0
FNDA:0,(anonymous_8)
FNDA:0,(anonymous_9)
DA:1,1
DA:4,1
DA:5,1
DA:6,1
DA:8,1
DA:10,1
DA:12,0
DA:13,0
DA:17,0
DA:18,0
DA:26,0
DA:30,0
DA:35,0
DA:44,0
DA:52,0
DA:58,0
DA:63,0
LF:17
LH:6
BRF:0
BRH:0
end_of_record
TN:
SF:src/metrics/tooling_usage/metricsConditions.ts
FN:4,(anonymous_0)
FNF:1
FNH:0
FNDA:0,(anonymous_0)
DA:1,1
DA:2,1
DA:4,1
DA:5,0
DA:7,1
LF:5
LH:4
BRF:0
BRH:0
end_of_record
TN:
SF:src/metrics/tooling_usage/signatureConditions.ts
FNF:0
FNH:0
DA:1,1
DA:2,1
DA:4,1
DA:8,1
LF:4
LH:4
BRF:0
BRH:0
end_of_record
TN:
SF:src/shared/getDuration.ts
FN:3,(anonymous_1)
FNF:1
FNH:0
FNDA:0,(anonymous_1)
DA:1,1
DA:3,1
DA:4,0
DA:5,0
DA:6,0
DA:7,0
LF:6
LH:2
BRF:0
BRH:0
end_of_record
TN:
SF:src/shared/logMessages.ts
FN:1,(anonymous_0)
FN:5,(anonymous_1)
FN:11,(anonymous_2)
FNF:3
FNH:3
FNDA:2,(anonymous_0)
FNDA:2,(anonymous_1)
FNDA:2,(anonymous_2)
DA:1,2
DA:2,2
DA:5,2
DA:6,2
DA:7,2
DA:8,2
DA:11,2
DA:12,2
DA:13,2
LF:9
LH:9
BRDA:1,0,0,2
BRDA:1,0,1,2
BRDA:5,1,0,2
BRDA:5,1,1,2
BRDA:11,2,0,2
BRDA:11,2,1,2
BRF:6
BRH:6
end_of_record
